<?xml version="1.0" encoding="UTF-8"?>
<!-- Generated by org.testng.reporters.JUnitReportReporter -->
<testsuite hostname="ankit" failures="0" tests="1" name="ddt.ChildTest" time="20.332" errors="0" timestamp="2023-03-29T15:36:23 IST" skipped="0">
  <testcase classname="ddt.ChildTest" name="homePage" time="20.332"/>
  <system-out/>
</testsuite> <!-- ddt.ChildTest -->
