<?xml version="1.0" encoding="UTF-8"?>
<!-- Generated by org.testng.reporters.JUnitReportReporter -->
<testsuite hostname="ankit" failures="0" tests="1" name="ddt.Demo" time="0.008" errors="0" timestamp="2023-03-29T15:23:07 IST" skipped="0">
  <testcase classname="ddt.Demo" name="homePage" time="0.008"/>
  <system-out/>
</testsuite> <!-- ddt.Demo -->
